[ 2015-09-16T06:11:39+08:00 ] 125.39.51.254 /WeiXin/index.php/User/
INFO: [ route_check ] --START--
INFO: CheckRoute Behavior ::run [ RunTime:0.000620s ]
INFO: [ route_check ] --END-- [ RunTime:0.000736s ]
INFO: [ app_begin ] --START--
INFO: ReadHtmlCache Behavior ::run [ RunTime:0.000416s ]
INFO: [ app_begin ] --END-- [ RunTime:0.000471s ]
SQL: SHOW COLUMNS FROM `hting_item` [ RunTime:0.001709s ]
SQL: SELECT left(title,25) AS `title`,`author`,`reader`,`createtime` FROM `hting_item` ORDER BY createtime desc LIMIT 20   [ RunTime:0.010281s ]
SQL: SELECT left(title,25) AS `title`,`author`,`reader`,`createtime` FROM `hting_item` ORDER BY order_index desc LIMIT 20   [ RunTime:0.010130s ]
SQL: SHOW COLUMNS FROM `hting_menu` [ RunTime:0.001376s ]
SQL: SELECT `id`,`name` FROM `hting_menu` WHERE ( `float` = 'info2' ) ORDER BY order_index  [ RunTime:0.000989s ]
INFO: [ view_parse ] --START--
INFO: ParseTemplate Behavior ::run [ RunTime:0.054630s ]
INFO: [ view_parse ] --END-- [ RunTime:0.054741s ]
INFO: [ view_filter ] --START--
INFO: ContentReplace Behavior ::run [ RunTime:0.000448s ]
INFO: TokenBuild Behavior ::run [ RunTime:0.000335s ]
INFO: WriteHtmlCache Behavior ::run [ RunTime:0.000253s ]
INFO: ShowRuntime Behavior ::run [ RunTime:0.000417s ]
INFO: [ view_filter ] --END-- [ RunTime:0.001604s ]
INFO: [ view_end ] --START--
INFO: ShowPageTrace Behavior ::run [ RunTime:0.000484s ]
INFO: [ view_end ] --END-- [ RunTime:0.000546s ]

