[ 2016-04-18T07:16:38+08:00 ] 101.226.62.85 /WeiXin/index.php?signature=099d7de731e252e5c1ef2b73b92c21cc520ca84f&timestamp=1460934998&nonce=372441134
INFO: [ app_begin ] --START--
INFO: ReadHtmlCache Behavior ::run [ RunTime:0.010274s ]
INFO: [ app_begin ] --END-- [ RunTime:0.010400s ]
DEBUG: <xml><ToUserName><![CDATA[gh_44a1c121ef70]]></ToUserName>
<FromUserName><![CDATA[omK9Ps93S3cqyVOpsSje2BN_grwY]]></FromUserName>
<CreateTime>1460934998</CreateTime>
<MsgType><![CDATA[event]]></MsgType>
<Event><![CDATA[subscribe]]></Event>
<EventKey><![CDATA[]]></EventKey>
</xml>
NOTIC: [8] Undefined index: MsgId /data/home/qxu1147150176/htdocs/WeiXin/Lib/Action/IndexAction.class.php 第 116 行.
DEBUG: <xml><ToUserName><![CDATA[omK9Ps93S3cqyVOpsSje2BN_grwY]]></ToUserName><FromUserName><![CDATA[gh_44a1c121ef70]]></FromUserName><MsgType><![CDATA[news]]></MsgType><CreateTime><![CDATA[1460934998]]></CreateTime><ArticleCount><![CDATA[1]]></ArticleCount><Articles><item id="0"><Title><![CDATA[慧听网]]></Title><Description><![CDATA[本站主要提供有声小说下载，为全国的盲童和视力障碍者及小说爱好者做一点儿公益奉献，如本站资源涉及版权问题,请告知！]]></Description><PicUrl><![CDATA[http://www.huitingweb.top/WeiXin/Public/images/0.jpg]]></PicUrl><Url><![CDATA[http://www.huitingweb.top/WeiXin/index.php/User/]]></Url></item></Articles></xml>

[ 2016-04-18T07:17:04+08:00 ] 60.221.147.38 /WeiXin/index.php/User/
INFO: [ route_check ] --START--
INFO: CheckRoute Behavior ::run [ RunTime:0.015572s ]
INFO: [ route_check ] --END-- [ RunTime:0.015714s ]
INFO: [ app_begin ] --START--
INFO: ReadHtmlCache Behavior ::run [ RunTime:0.000514s ]
INFO: [ app_begin ] --END-- [ RunTime:0.000572s ]
SQL: SHOW COLUMNS FROM `hting_item` [ RunTime:0.001752s ]
SQL: SELECT left(title,25) AS `title`,`author`,`reader`,`createtime` FROM `hting_item` ORDER BY createtime desc LIMIT 20   [ RunTime:0.012816s ]
SQL: SELECT left(title,25) AS `title`,`author`,`reader`,`createtime` FROM `hting_item` ORDER BY order_index desc LIMIT 20   [ RunTime:0.010543s ]
SQL: SHOW COLUMNS FROM `hting_menu` [ RunTime:0.001552s ]
SQL: SELECT `id`,`name` FROM `hting_menu` WHERE ( `float` = 'info2' ) ORDER BY order_index  [ RunTime:0.001000s ]
INFO: [ view_parse ] --START--
INFO: ParseTemplate Behavior ::run [ RunTime:0.089816s ]
INFO: [ view_parse ] --END-- [ RunTime:0.089911s ]
INFO: [ view_filter ] --START--
INFO: ContentReplace Behavior ::run [ RunTime:0.001635s ]
INFO: TokenBuild Behavior ::run [ RunTime:0.014646s ]
INFO: WriteHtmlCache Behavior ::run [ RunTime:0.001309s ]
INFO: ShowRuntime Behavior ::run [ RunTime:0.001397s ]
INFO: [ view_filter ] --END-- [ RunTime:0.019165s ]
INFO: [ view_end ] --START--
INFO: ShowPageTrace Behavior ::run [ RunTime:0.022110s ]
INFO: [ view_end ] --END-- [ RunTime:0.022173s ]

[ 2016-04-18T07:17:41+08:00 ] 60.221.147.38 /WeiXin/index.php/User/
INFO: [ route_check ] --START--
INFO: CheckRoute Behavior ::run [ RunTime:0.000645s ]
INFO: [ route_check ] --END-- [ RunTime:0.000745s ]
INFO: [ app_begin ] --START--
INFO: ReadHtmlCache Behavior ::run [ RunTime:0.000601s ]
INFO: [ app_begin ] --END-- [ RunTime:0.000667s ]
SQL: SHOW COLUMNS FROM `hting_item` [ RunTime:0.001751s ]
SQL: SELECT left(title,25) AS `title`,`author`,`reader`,`createtime` FROM `hting_item` ORDER BY createtime desc LIMIT 20   [ RunTime:0.000858s ]
SQL: SELECT left(title,25) AS `title`,`author`,`reader`,`createtime` FROM `hting_item` ORDER BY order_index desc LIMIT 20   [ RunTime:0.000971s ]
SQL: SHOW COLUMNS FROM `hting_menu` [ RunTime:0.001620s ]
SQL: SELECT `id`,`name` FROM `hting_menu` WHERE ( `float` = 'info2' ) ORDER BY order_index  [ RunTime:0.000879s ]
INFO: [ view_parse ] --START--
INFO: ParseTemplate Behavior ::run [ RunTime:0.009983s ]
INFO: [ view_parse ] --END-- [ RunTime:0.010070s ]
INFO: [ view_filter ] --START--
INFO: ContentReplace Behavior ::run [ RunTime:0.000427s ]
INFO: TokenBuild Behavior ::run [ RunTime:0.000384s ]
INFO: WriteHtmlCache Behavior ::run [ RunTime:0.000271s ]
INFO: ShowRuntime Behavior ::run [ RunTime:0.000407s ]
INFO: [ view_filter ] --END-- [ RunTime:0.001651s ]
INFO: [ view_end ] --START--
INFO: ShowPageTrace Behavior ::run [ RunTime:0.000486s ]
INFO: [ view_end ] --END-- [ RunTime:0.000544s ]

[ 2016-04-18T22:09:43+08:00 ] 60.221.147.38 /WeiXin/index.php/User/
INFO: [ route_check ] --START--
INFO: CheckRoute Behavior ::run [ RunTime:0.000733s ]
INFO: [ route_check ] --END-- [ RunTime:0.000839s ]
INFO: [ app_begin ] --START--
INFO: ReadHtmlCache Behavior ::run [ RunTime:0.000513s ]
INFO: [ app_begin ] --END-- [ RunTime:0.000576s ]
SQL: SHOW COLUMNS FROM `hting_item` [ RunTime:0.002325s ]
SQL: SELECT left(title,25) AS `title`,`author`,`reader`,`createtime` FROM `hting_item` ORDER BY createtime desc LIMIT 20   [ RunTime:0.014067s ]
SQL: SELECT left(title,25) AS `title`,`author`,`reader`,`createtime` FROM `hting_item` ORDER BY order_index desc LIMIT 20   [ RunTime:0.011349s ]
SQL: SHOW COLUMNS FROM `hting_menu` [ RunTime:0.001983s ]
SQL: SELECT `id`,`name` FROM `hting_menu` WHERE ( `float` = 'info2' ) ORDER BY order_index  [ RunTime:0.001150s ]
INFO: [ view_parse ] --START--
INFO: ParseTemplate Behavior ::run [ RunTime:0.009254s ]
INFO: [ view_parse ] --END-- [ RunTime:0.009324s ]
INFO: [ view_filter ] --START--
INFO: ContentReplace Behavior ::run [ RunTime:0.000400s ]
INFO: TokenBuild Behavior ::run [ RunTime:0.000359s ]
INFO: WriteHtmlCache Behavior ::run [ RunTime:0.000268s ]
INFO: ShowRuntime Behavior ::run [ RunTime:0.000411s ]
INFO: [ view_filter ] --END-- [ RunTime:0.001584s ]
INFO: [ view_end ] --START--
INFO: ShowPageTrace Behavior ::run [ RunTime:0.000502s ]
INFO: [ view_end ] --END-- [ RunTime:0.000563s ]

[ 2016-04-18T22:10:09+08:00 ] 60.221.147.38 /WeiXin/index.php/User/
INFO: [ route_check ] --START--
INFO: CheckRoute Behavior ::run [ RunTime:0.000679s ]
INFO: [ route_check ] --END-- [ RunTime:0.000796s ]
INFO: [ app_begin ] --START--
INFO: ReadHtmlCache Behavior ::run [ RunTime:0.000485s ]
INFO: [ app_begin ] --END-- [ RunTime:0.000540s ]
SQL: SHOW COLUMNS FROM `hting_item` [ RunTime:0.001913s ]
SQL: SELECT left(title,25) AS `title`,`author`,`reader`,`createtime` FROM `hting_item` ORDER BY createtime desc LIMIT 20   [ RunTime:0.000822s ]
SQL: SELECT left(title,25) AS `title`,`author`,`reader`,`createtime` FROM `hting_item` ORDER BY order_index desc LIMIT 20   [ RunTime:0.000812s ]
SQL: SHOW COLUMNS FROM `hting_menu` [ RunTime:0.001491s ]
SQL: SELECT `id`,`name` FROM `hting_menu` WHERE ( `float` = 'info2' ) ORDER BY order_index  [ RunTime:0.000741s ]
INFO: [ view_parse ] --START--
INFO: ParseTemplate Behavior ::run [ RunTime:0.011566s ]
INFO: [ view_parse ] --END-- [ RunTime:0.011663s ]
INFO: [ view_filter ] --START--
INFO: ContentReplace Behavior ::run [ RunTime:0.000436s ]
INFO: TokenBuild Behavior ::run [ RunTime:0.000360s ]
INFO: WriteHtmlCache Behavior ::run [ RunTime:0.000267s ]
INFO: ShowRuntime Behavior ::run [ RunTime:0.000389s ]
INFO: [ view_filter ] --END-- [ RunTime:0.001605s ]
INFO: [ view_end ] --START--
INFO: ShowPageTrace Behavior ::run [ RunTime:0.000471s ]
INFO: [ view_end ] --END-- [ RunTime:0.000523s ]

[ 2016-04-18T22:10:28+08:00 ] 101.226.62.85 /WeiXin/index.php?signature=25b5f2e50fd4341099498a42ffb4eacefa60ba70&timestamp=1460988627&nonce=680192952
INFO: [ app_begin ] --START--
INFO: ReadHtmlCache Behavior ::run [ RunTime:0.000492s ]
INFO: [ app_begin ] --END-- [ RunTime:0.000598s ]
DEBUG: <xml><ToUserName><![CDATA[gh_44a1c121ef70]]></ToUserName>
<FromUserName><![CDATA[omK9Ps93S3cqyVOpsSje2BN_grwY]]></FromUserName>
<CreateTime>1460988627</CreateTime>
<MsgType><![CDATA[event]]></MsgType>
<Event><![CDATA[unsubscribe]]></Event>
<EventKey><![CDATA[]]></EventKey>
</xml>
NOTIC: [8] Undefined index: MsgId /data/home/qxu1147150176/htdocs/WeiXin/Lib/Action/IndexAction.class.php 第 116 行.

