[ 2016-03-02T13:34:56+08:00 ] 101.226.62.78 /WeiXin/index.php?signature=cbf306bfba74c8b504a2b9e235ab9a1e9c30e355&timestamp=1456896896&nonce=808000900
INFO: [ app_begin ] --START--
INFO: ReadHtmlCache Behavior ::run [ RunTime:0.006836s ]
INFO: [ app_begin ] --END-- [ RunTime:0.006964s ]
DEBUG: <xml><ToUserName><![CDATA[gh_44a1c121ef70]]></ToUserName>
<FromUserName><![CDATA[omK9PsyRNv0xEYBEC-_gnoaPTyK0]]></FromUserName>
<CreateTime>1456896886</CreateTime>
<MsgType><![CDATA[event]]></MsgType>
<Event><![CDATA[subscribe]]></Event>
<EventKey><![CDATA[]]></EventKey>
</xml>
NOTIC: [8] Undefined index: MsgId /data/home/qxu1147150176/htdocs/WeiXin/Lib/Action/IndexAction.class.php 第 116 行.
DEBUG: <xml><ToUserName><![CDATA[omK9PsyRNv0xEYBEC-_gnoaPTyK0]]></ToUserName><FromUserName><![CDATA[gh_44a1c121ef70]]></FromUserName><MsgType><![CDATA[news]]></MsgType><CreateTime><![CDATA[1456896896]]></CreateTime><ArticleCount><![CDATA[1]]></ArticleCount><Articles><item id="0"><Title><![CDATA[慧听网]]></Title><Description><![CDATA[本站主要提供有声小说下载，为全国的盲童和视力障碍者及小说爱好者做一点儿公益奉献，如本站资源涉及版权问题,请告知！]]></Description><PicUrl><![CDATA[http://www.huitingweb.cn/WeiXin/Public/images/0.jpg]]></PicUrl><Url><![CDATA[http://www.huitingweb.cn/WeiXin/index.php/User/]]></Url></item></Articles></xml>

[ 2016-03-02T14:39:47+08:00 ] 221.239.122.21 /WeiXin/index.php/User/
INFO: [ route_check ] --START--
INFO: CheckRoute Behavior ::run [ RunTime:0.012140s ]
INFO: [ route_check ] --END-- [ RunTime:0.012284s ]
INFO: [ app_begin ] --START--
INFO: ReadHtmlCache Behavior ::run [ RunTime:0.000510s ]
INFO: [ app_begin ] --END-- [ RunTime:0.000568s ]
SQL: SHOW COLUMNS FROM `hting_item` [ RunTime:0.001716s ]
SQL: SELECT left(title,25) AS `title`,`author`,`reader`,`createtime` FROM `hting_item` ORDER BY createtime desc LIMIT 20   [ RunTime:0.011010s ]
SQL: SELECT left(title,25) AS `title`,`author`,`reader`,`createtime` FROM `hting_item` ORDER BY order_index desc LIMIT 20   [ RunTime:0.011407s ]
SQL: SHOW COLUMNS FROM `hting_menu` [ RunTime:0.001363s ]
SQL: SELECT `id`,`name` FROM `hting_menu` WHERE ( `float` = 'info2' ) ORDER BY order_index  [ RunTime:0.001247s ]
INFO: [ view_parse ] --START--
INFO: ParseTemplate Behavior ::run [ RunTime:0.075823s ]
INFO: [ view_parse ] --END-- [ RunTime:0.075924s ]
INFO: [ view_filter ] --START--
INFO: ContentReplace Behavior ::run [ RunTime:0.002005s ]
INFO: TokenBuild Behavior ::run [ RunTime:0.022821s ]
INFO: WriteHtmlCache Behavior ::run [ RunTime:0.001370s ]
INFO: ShowRuntime Behavior ::run [ RunTime:0.001418s ]
INFO: [ view_filter ] --END-- [ RunTime:0.027795s ]
INFO: [ view_end ] --START--
INFO: ShowPageTrace Behavior ::run [ RunTime:0.014884s ]
INFO: [ view_end ] --END-- [ RunTime:0.014944s ]

